skimming 	img_transform
skimming 	backbone_conv1
skimming 	backbone_bn1
skimming 	backbone_relu
skimming 	backbone_maxpool
skimming 	backbone_layer1
skimming 	backbone_layer2
skimming 	backbone_layer3
skimming 	backbone_layer4
skimming 	fpn_inner_3
skimming 	fpn_layer_3
skimming 	fpn_inner_2
skimming 	fpn_interpolate_2
skimming 	fpn_add_2
skimming 	fpn_layer_2
skimming 	fpn_inner_1
skimming 	fpn_interpolate_1
skimming 	fpn_add_1
skimming 	fpn_layer_1
skimming 	fpn_inner_0
skimming 	fpn_interpolate_0
skimming 	fpn_add_0
skimming 	fpn_layer_0
skimming 	fpn_extra
skimming 	rpn_parallel_0
skimming 	rpn_parallel_1
skimming 	rpn_parallel_2
skimming 	rpn_parallel_3
skimming 	rpn_parallel_4
skimming 	rpn_merger
skimming 	roi_box_pooling
skimming 	roi_head_fc6
skimming 	roi_head_fc7
skimming 	roi_cls_score
skimming 	roi_bbox_pred
skimming 	roi_postprocess_detections
executing 	img_transform
executing 	backbone_conv1
executing 	backbone_bn1
executing 	backbone_relu
executing 	backbone_maxpool
executing 	backbone_layer1
executing 	backbone_layer2
executing 	backbone_layer3
executing 	backbone_layer4
executing 	fpn_inner_3
executing 	fpn_layer_3
executing 	fpn_inner_2
executing 	fpn_interpolate_2
executing 	fpn_add_2
executing 	fpn_layer_2
executing 	fpn_inner_1
executing 	fpn_interpolate_1
executing 	fpn_add_1
executing 	fpn_layer_1
executing 	fpn_inner_0
executing 	fpn_interpolate_0
executing 	fpn_add_0
executing 	fpn_layer_0
executing 	fpn_extra
executing 	rpn_parallel_0
executing 	rpn_parallel_1
executing 	rpn_parallel_2
executing 	rpn_parallel_3
executing 	rpn_parallel_4
executing 	rpn_merger
executing 	roi_box_pooling
executing 	roi_head_fc6
executing 	roi_head_fc7
executing 	roi_cls_score
executing 	roi_bbox_pred
executing 	roi_postprocess_detections
